/Users/user/dev/hacka.re/_venv/lib/python3.13/site-packages/pytest_asyncio/plugin.py:208: PytestDeprecationWarning: The configuration option "asyncio_default_fixture_loop_scope" is unset.
The event loop scope for asynchronous fixtures will default to the fixture caching scope. Future versions of pytest-asyncio will default the loop scope for asynchronous fixtures to function scope. Set the default fixture loop scope explicitly in order to avoid unexpected behavior in the future. Valid fixture loop scopes are: "function", "class", "module", "package", "session"

  warnings.warn(PytestDeprecationWarning(_DEFAULT_FIXTURE_LOOP_SCOPE_UNSET))
============================= test session starts ==============================
platform darwin -- Python 3.13.7, pytest-8.3.5, pluggy-1.5.0 -- /Users/user/dev/hacka.re/_venv/bin/python
cachedir: .pytest_cache
rootdir: /Users/user/dev/hacka.re/_tests/playwright
configfile: pytest.ini
plugins: anyio-4.9.0, timeout-2.4.0, playwright-0.7.0, base-url-2.1.0, asyncio-1.0.0
asyncio: mode=Mode.STRICT, asyncio_default_fixture_loop_scope=None, asyncio_default_test_loop_scope=function
collecting ... collected 122 items

_tests/playwright/test_function_bundle_preservation.py::test_function_bundle_preservation_when_editing[chromium] PASSED [  0%]
_tests/playwright/test_function_calling_models.py::test_function_invocation[chromium] ERROR [  1%]
_tests/playwright/test_function_calling_models.py::test_groq_function_calling[chromium-llama-3.3-70b-versatile] FAILED [  2%]
_tests/playwright/test_function_calling_models.py::test_groq_function_calling[chromium-llama-3.1-8b-instant] FAILED [  3%]
_tests/playwright/test_function_calling_models.py::test_groq_function_calling[chromium-moonshotai/kimi-k2-instruct] FAILED [  4%]
_tests/playwright/test_function_calling_models.py::test_groq_function_calling[chromium-compound-beta] FAILED [  4%]
_tests/playwright/test_function_calling_models.py::test_groq_function_calling[chromium-compound-beta-mini] FAILED [  5%]
_tests/playwright/test_function_calling_models.py::test_groq_function_calling[chromium-deepseek-r1-distill-llama-70b] FAILED [  6%]
_tests/playwright/test_function_calling_models.py::test_groq_function_calling[chromium-qwen-qwq-32b] FAILED [  7%]
_tests/playwright/test_function_calling_models.py::test_groq_function_calling[chromium-mixtral-8x7b-32768] 