Starting HTTP server for tests...
===== Starting HTTP Server for hacka.re Tests =====
Port: 8000
Project Root: /Users/user/dev/hacka.re
==================================================
Checking for existing HTTP server processes on port 8000...
Found existing processes: 94162
Killing existing processes...
Processes killed.
Changing to project root directory: /Users/user/dev/hacka.re
Starting Python HTTP server on port 8000...
Failed to start server.
Running Function tests with chromium browser...
Test filter: test_function_modal or test_function_group_colors or test_function_deletion or test_function_editing or test_function_icons or test_function_copy_buttons or test_function_library_copy or test_function_library_multi or test_function_library_sharing or test_function_parsing_logic or test_function_tooltip or test_function_bundle_preservation

/Users/user/dev/hacka.re/_venv/lib/python3.13/site-packages/pytest_asyncio/plugin.py:208: PytestDeprecationWarning: The configuration option "asyncio_default_fixture_loop_scope" is unset.
The event loop scope for asynchronous fixtures will default to the fixture caching scope. Future versions of pytest-asyncio will default the loop scope for asynchronous fixtures to function scope. Set the default fixture loop scope explicitly in order to avoid unexpected behavior in the future. Valid fixture loop scopes are: "function", "class", "module", "package", "session"

  warnings.warn(PytestDeprecationWarning(_DEFAULT_FIXTURE_LOOP_SCOPE_UNSET))
============================= test session starts ==============================
platform darwin -- Python 3.13.7, pytest-8.3.5, pluggy-1.5.0
rootdir: /Users/user/dev/hacka.re/_tests/playwright
configfile: pytest.ini
testpaths: .
plugins: anyio-4.9.0, timeout-2.4.0, playwright-0.7.0, base-url-2.1.0, asyncio-1.0.0
asyncio: mode=Mode.STRICT, asyncio_default_fixture_loop_scope=None, asyncio_default_test_loop_scope=function
collected 970 items / 932 deselected / 38 selected

test_function_bundle_preservation.py::test_function_bundle_preservation_when_editing[chromium0] PASSED [  2%]
test_function_copy_buttons.py::test_function_copy_buttons_exist[chromium0] PASSED [  5%]
test_function_copy_buttons.py::test_function_copy_functionality[chromium0] PASSED [  7%]
test_function_deletion.py::test_function_deletion_removes_entire_bundle[chromium0] PASSED [ 10%]
test_function_deletion.py::test_multiple_function_collections[chromium0] PASSED [ 13%]
test_function_editing.py::test_function_editing[chromium0] PASSED        [ 15%]
test_function_icons.py::test_function_calling_icons[chromium0] FAILED    [ 18%]
test_function_icons.py::test_multiple_function_calls_colors[chromium0] FAILED [ 21%]
test_function_library_multi.py::test_function_library_multi[chromium0] FAILED [ 23%]
test_function_library_sharing.py::test_function_library_sharing[chromium0] PASSED [ 26%]
test_function_modal.py::test_function_modal_basic[chromium0] PASSED      [ 28%]
test_function_modal.py::test_function_modal_elements[chromium0] PASSED   [ 31%]
test_function_parsing_logic.py::test_all_functions_callable_by_default[chromium0] FAILED [ 34%]
test_function_parsing_logic.py::test_only_tagged_functions_callable[chromium0] FAILED [ 36%]
test_function_parsing_logic.py::test_tool_tag_works[chromium0] FAILED    [ 39%]
test_function_parsing_logic.py::test_single_line_comment_tags[chromium0] FAILED [ 42%]
test_function_parsing_logic.py::test_mixed_tag_types[chromium0] FAILED   [ 44%]
test_function_tooltip.py::test_function_modal_basic[chromium0] PASSED    [ 47%]
test_function_tooltip.py::test_function_modal_elements[chromium0] PASSED [ 50%]
test_function_bundle_preservation.py::test_function_bundle_preservation_when_editing[chromium1] PASSED [ 52%]
test_function_copy_buttons.py::test_function_copy_buttons_exist[chromium1] 